<html>
<body>
<pre>
<h1>µVision Build Log</h1>
<h2>Project:</h2>
E:\mytest\xj2\xj.uvproj
Project File Date:  03/26/2016

<h2>Output:</h2>
Rebuild target 'Target 1'
compiling main.c...
main.c(162): warning C276: constant in condition expression
compiling pwm.c...
pwm.c(46): warning C235: parameter 1: different types
compiling timer.c...
linking...
*** WARNING L16: UNCALLED SEGMENT, IGNORED FOR OVERLAY PROCESS
    SEGMENT: ?PR?TURN_RIGHT?MAIN
*** WARNING L1: UNRESOLVED EXTERNAL SYMBOL
    SYMBOL:  PWM0
    MODULE:  pwm.obj (PWM)
*** WARNING L1: UNRESOLVED EXTERNAL SYMBOL
    SYMBOL:  PWM1
    MODULE:  pwm.obj (PWM)
*** WARNING L1: UNRESOLVED EXTERNAL SYMBOL
    SYMBOL:  PWM2
    MODULE:  pwm.obj (PWM)
*** WARNING L2: REFERENCE MADE TO UNRESOLVED EXTERNAL
    SYMBOL:  PWM0
    MODULE:  pwm.obj (PWM)
    ADDRESS: 0435H
*** WARNING L2: REFERENCE MADE TO UNRESOLVED EXTERNAL
    SYMBOL:  PWM1
    MODULE:  pwm.obj (PWM)
    ADDRESS: 0439H
*** WARNING L2: REFERENCE MADE TO UNRESOLVED EXTERNAL
    SYMBOL:  PWM2
    MODULE:  pwm.obj (PWM)
    ADDRESS: 043DH
*** WARNING L2: REFERENCE MADE TO UNRESOLVED EXTERNAL
    SYMBOL:  PWM0
    MODULE:  pwm.obj (PWM)
    ADDRESS: 0441H
*** WARNING L2: REFERENCE MADE TO UNRESOLVED EXTERNAL
    SYMBOL:  PWM1
    MODULE:  pwm.obj (PWM)
    ADDRESS: 044DH
Program Size: data=9.4 xdata=11 code=1382
creating hex file from "xj"...
"xj" - 0 Error(s), 11 Warning(s).
</pre>
</body>
</html>
FH
Program Size: data=9.4 xdata=15 code=1349
creating hex file from "xj"...
"xj" - 0 Error(s), 12 Warning(s).

"xj" - 0 Error(s), 12 Warning(s).
BOL:  CCAP1_TMP
    MODULE:  pwm.obj (PWM)
*** WARNING L1: UNRESOLVED EXTERNAL SYMBOL
    SYMBOL:  CCAP2_TMP
    MODULE:  pwm.obj (PWM)
*** WARNING L2: REFERENCE MADE TO UNRESOLVED EXTERNAL
    SYMBOL:  PWM0
    MODULE:  pwm.obj (PWM)
    ADDRESS: 04AAH
*** WARNING L2: REFERENCE MADE TO UNRESOLVED EXTERNAL
    SYMBOL:  PWM1
    MODULE:  pwm.obj (PWM)
    ADDRESS: 04B4H
*** WARNING L2: REFERENCE MADE TO UNRESOLVED EXTERNAL
    SYMBOL:  PWM2
    MODULE:  pwm.obj (PWM)
    ADDRESS: 04BEH
*** WARNING L2: REFERENCE MADE TO UNRESOLVED EXTERNAL
    SYMBOL:  PWM1
    MODULE:  pwm.obj (PWM)
    ADDRESS: 04D1H
*** WARNING L2: REFERENCE MADE TO UNRESOLVED EXTERNAL
    SYMBOL:  PWM0_HIGH
    MODULE:  pwm.obj (PWM)
    ADDRESS: 03CEH
*** WARNING L2: REFERENCE MADE TO UNRESOLVED EXTERNAL
    SYMBOL:  PWM0_LOW
    MODULE:  pwm.obj (PWM)
    ADDRESS: 03DAH
*** WARNING L2: REFERENCE MADE TO UNRESOLVED EXTERNAL
    SYMBOL:  PWM0_LOW
    MODULE:  pwm.obj (PWM)
    ADDRESS: 03E1H
*** WARNING L2: REFERENCE MADE TO UNRESOLVED EXTERNAL
    SYMBOL:  PWM1_HIGH
    MODULE:  pwm.obj (PWM)
    ADDRESS: 03ECH
*** WARNING L2: REFERENCE MADE TO UNRESOLVED EXTERNAL
    SYMBOL:  PWM1_LOW
    MODULE:  pwm.obj (PWM)
    ADDRESS: 03F8H
*** WARNING L2: REFERENCE MADE TO UNRESOLVED EXTERNAL
    SYMBOL:  PWM1_LOW
    MODULE:  pwm.obj (PWM)
    ADDRESS: 03FFH
*** WARNING L2: REFERENCE MADE TO UNRESOLVED EXTERNAL
    SYMBOL:  PWM2_HIGH
    MODULE:  pwm.obj (PWM)
    ADDRESS: 040AH
*** WARNING L2: REFERENCE MADE TO UNRESOLVED EXTERNAL
    SYMBOL:  PWM2_LOW
    MODULE:  pwm.obj (PWM)
    ADDRESS: 0419H
*** WARNING L2: REFERENCE MADE TO UNRESOLVED EXTERNAL
    SYMBOL:  PWM2_LOW
    MODULE:  pwm.obj (PWM)
    ADDRESS: 0420H
*** WARNING L2: REFERENCE MADE TO UNRESOLVED EXTERNAL
    SYMBOL:  PWM0_HIGH
    MODULE:  pwm.obj (PWM)
    ADDRESS: 0219H
*** WARNING L2: REFERENCE MADE TO UNRESOLVED EXTERNAL
    SYMBOL:  PWM0_LOW
    MODULE:  pwm.obj (PWM)
    ADDRESS: 021EH
*** WARNING L2: REFERENCE MADE TO UNRESOLVED EXTERNAL
    SYMBOL:  CCAP0_TMP
    MODULE:  pwm.obj (PWM)
    ADDRESS: 0226H
*** WARNING L2: REFERENCE MADE TO UNRESOLVED EXTERNAL
    SYMBOL:  CCAP0_TMP
    MODULE:  pwm.obj (PWM)
    ADDRESS: 022CH
*** WARNING L2: REFERENCE MADE TO UNRESOLVED EXTERNAL
    SYMBOL:  CCAP0_TMP
    MODULE:  pwm.obj (PWM)
    ADDRESS: 0232H
*** WARNING L2: REFERENCE MADE TO UNRESOLVED EXTERNAL
    SYMBOL:  PWM1_HIGH
    MODULE:  pwm.obj (PWM)
    ADDRESS: 0246H
*** WARNING L2: REFERENCE MADE TO UNRESOLVED EXTERNAL
    SYMBOL:  PWM1_LOW
    MODULE:  pwm.obj (PWM)
    ADDRESS: 024BH
*** WARNING L2: REFERENCE MADE TO UNRESOLVED EXTERNAL
    SYMBOL:  CCAP1_TMP
    MODULE:  pwm.obj (PWM)
    ADDRESS: 0253H
*** WARNING L2: REFERENCE MADE TO UNRESOLVED EXTERNAL
    SYMBOL:  CCAP1_TMP
    MODULE:  pwm.obj (PWM)
    ADDRESS: 0259H
*** WARNING L2: REFERENCE MADE TO UNRESOLVED EXTERNAL
    SYMBOL:  CCAP1_TMP
    MODULE:  pwm.obj (PWM)
    ADDRESS: 025FH
*** WARNING L2: REFERENCE MADE TO UNRESOLVED EXTERNAL
    SYMBOL:  PWM2_HIGH
    MODULE:  pwm.obj (PWM)
    ADDRESS: 0273H
*** WARNING L2: REFERENCE MADE TO UNRESOLVED EXTERNAL
    SYMBOL:  PWM2_LOW
    MODULE:  pwm.obj (PWM)
    ADDRESS: 0278H
*** WARNING L2: REFERENCE MADE TO UNRESOLVED EXTERNAL
    SYMBOL:  CCAP2_TMP
    MODULE:  pwm.obj (PWM)
    ADDRESS: 0280H
*** WARNING L2: REFERENCE MADE TO UNRESOLVED EXTERNAL
    SYMBOL:  CCAP2_TMP
    MODULE:  pwm.obj (PWM)
    ADDRESS: 0286H
*** WARNING L2: REFERENCE MADE TO UNRESOLVED EXTERNAL
    SYMBOL:  CCAP2_TMP
    MODULE:  pwm.obj (PWM)
    ADDRESS: 028CH
Program Size: data=9.4 xdata=14 code=1495
creating hex file from "xj"...
"xj" - 0 Error(s), 44 Warning(s).
compiling main.c...
main.c - 0 Error(s), 0 Warning(s).
 0 Error(s), 0 Warning(s).

"xj" - 0 Error(s), 45 Warning(s).
compiling main.c...
main.c - 0 Error(s), 0 Warning(s).
S: 028CH
Program Size: data=9.4 xdata=14 code=1469
creating hex file from "xj"...
"xj" - 0 Error(s), 47 Warning(s).
e: data=9.4 xdata=15 code=1465
Target not created

    ADDRESS: 0570H
Program Size: data=9.4 xdata=13 code=1465
creating hex file from "xj"...
"xj" - 0 Error(s), 49 Warning(s).
eating hex file from "xj"...
"xj" - 0 Error(s), 49 Warning(s).
 call not to a function
main.c(82): error C208: 'function': too many actual parameters
main.c(87): error C211: call not to a function
main.c(87): error C208: 'function': too many actual parameters
main.c(88): error C211: call not to a function
main.c(88): error C208: 'function': too many actual parameters
main.c(116): error C211: call not to a function
main.c(116): error C208: 'function': too many actual parameters
main.c(117): error C211: call not to a function
main.c(117): error C208: 'function': too many actual parameters
main.c(123): error C211: call not to a function
main.c(123): error C208: 'function': too many actual parameters
main.c(124): error C211: call not to a function
main.c(124): error C208: 'function': too many actual parameters
main.c(129): error C211: call not to a function
main.c(129): error C208: 'function': too many actual parameters
main.c(130): error C211: call not to a function
main.c(130): error C208: 'function': too many actual parameters
main.c(135): error C211: call not to a function
main.c(135): error C208: 'function': too many actual parameters
main.c(136): error C211: call not to a function
main.c(136): error C208: 'function': too many actual parameters
main.c(147): error C211: call not to a function
main.c(147): error C208: 'function': too many actual parameters
main.c(148): error C211: call not to a function
main.c(148): error C208: 'function': too many actual parameters
main.c(156): error C211: call not to a function
main.c(156): error C208: 'function': too many actual parameters
main.c(157): error C211: call not to a function
main.c(157): error C208: 'function': too many actual parameters
main.c(162): error C211: call not to a function
main.c(162): error C208: 'function': too many actual parameters
main.c(163): error C211: call not to a function
main.c(163): error C208: 'function': too many actual parameters
main.c(171): error C211: call not to a function
main.c(171): error C208: 'function': too many actual parameters
main.c(172): error C211: call not to a function
main.c(172): error C208: 'function': too many actual parameters
main.c(175): error C211: call not to a function
main.c(175): error C208: 'function': too many actual parameters
main.c(176): error C211: call not to a function
main.c(176): error C208: 'function': too many actual parameters
main.c(180): error C211: call not to a function
main.c(180): error C208: 'function': too many actual parameters
main.c(181): error C211: call not to a function
main.c(181): error C208: 'function': too many actual parameters
main.c(186): error C211: call not to a function
main.c(186): error C208: 'function': too many actual parameters
main.c(187): error C211: call not to a function
main.c(187): error C208: 'function': too many actual parameters
main.c(195): error C211: call not to a function
main.c(195): error C208: 'function': too many actual parameters
main.c(196): error C211: call not to a function
main.c(196): error C208: 'function': too many actual parameters
main.c(208): error C211: call not to a function
main.c(208): error C208: 'function': too many actual parameters
main.c(209): error C211: call not to a function
main.c(209): error C208: 'function': too many actual parameters
main.c(211): error C211: call not to a function
main.c(211): error C208: 'function': too many actual parameters
main.c(212): error C211: call not to a function
main.c(212): error C208: 'function': too many actual parameters
main.c - 145 Error(s), 0 Warning(s).
compiling main.c...
config.h(18): error C231: 'u8': redefinition
config.h(19): error C231: 'u16': redefinition
config.h(20): error C141: syntax error near 'u32'
pwm.h(64): error C231: 'P25': redefinition
pwm.h(65): error C231: 'P26': redefinition
pwm.h(66): error C231: 'P27': redefinition
main.c(3): warning C318: can't open file 'time.h'
main.c(127): error C141: syntax error near ':'
main.c(128): error C141: syntax error near 'L1'
main.c(129): error C202: 'brak': undefined identifier
main.c(130): error C141: syntax error near ':'
main.c(132): error C141: syntax error near 'brak'
main.c(132): error C202: 'brak': undefined identifier
main.c(133): error C141: syntax error near ':'
main.c(134): error C141: syntax error near 'brak'
main.c(134): error C202: 'brak': undefined identifier
main.c(135): error C141: syntax error near ':'
main.c(136): error C141: syntax error near 'brak'
main.c(136): error C202: 'brak': undefined identifier
main.c(137): error C141: syntax error near ':'
main.c(138): error C141: syntax error near 'brak'
main.c(138): error C202: 'brak': undefined identifier
main.c(139): error C141: syntax error near ':'
main.c(140): error C141: syntax error near 'brak'
main.c(140): error C202: 'brak': undefined identifier
main.c(141): error C141: syntax error near ':'
main.c(142): error C141: syntax error near 'brak'
main.c(142): error C202: 'brak': undefined identifier
main.c(146): error C141: syntax error near '}'
main.c - 28 Error(s), 1 Warning(s).
compiling main.c...
config.h(18): error C231: 'u8': redefinition
config.h(19): error C231: 'u16': redefinition
config.h(20): error C141: syntax error near 'u32'
pwm.h(64): error C231: 'P25': redefinition
pwm.h(65): error C231: 'P26': redefinition
pwm.h(66): error C231: 'P27': redefinition
main.c(3): warning C318: can't open file 'time.h'
main.c(127): error C141: syntax error near ':'
main.c(128): error C141: syntax error near 'L1'
main.c(129): error C202: 'brak': undefined identifier
main.c(130): error C141: syntax error near ':'
main.c(132): error C141: syntax error near 'brak'
main.c(132): error C202: 'brak': undefined identifier
main.c(133): error C141: syntax error near ':'
main.c(134): error C141: syntax error near 'brak'
main.c(134): error C202: 'brak': undefined identifier
main.c(135): error C141: syntax error near ':'
main.c(136): error C141: syntax error near 'brak'
main.c(136): error C202: 'brak': undefined identifier
main.c(137): error C141: syntax error near ':'
main.c(138): error C141: syntax error near 'brak'
main.c(138): error C202: 'brak': undefined identifier
main.c(139): error C141: syntax error near ':'
main.c(140): error C141: syntax error near 'brak'
main.c(140): error C202: 'brak': undefined identifier
main.c(141): error C141: syntax error near ':'
main.c(142): error C141: syntax error near 'brak'
main.c(142): error C202: 'brak': undefined identifier
main.c(146): error C141: syntax error near '}'
main.c - 28 Error(s), 1 Warning(s).
compiling main.c...
config.h(18): error C231: 'u8': redefinition
config.h(19): error C231: 'u16': redefinition
config.h(20): error C141: syntax error near 'u32'
pwm.h(64): error C231: 'P25': redefinition
pwm.h(65): error C231: 'P26': redefinition
pwm.h(66): error C231: 'P27': redefinition
main.c(3): warning C318: can't open file 'time.h'
main.c(127): error C141: syntax error near ':'
main.c(128): error C141: syntax error near 'L1'
main.c(129): error C202: 'brak': undefined identifier
main.c(130): error C141: syntax error near ':'
main.c(132): error C141: syntax error near 'brak'
main.c(132): error C202: 'brak': undefined identifier
main.c(133): error C141: syntax error near ':'
main.c(134): error C141: syntax error near 'brak'
main.c(134): error C202: 'brak': undefined identifier
main.c(135): error C141: syntax error near ':'
main.c(136): error C141: syntax error near 'brak'
main.c(136): error C202: 'brak': undefined identifier
main.c(137): error C141: syntax error near ':'
main.c(138): error C141: syntax error near 'brak'
main.c(138): error C202: 'brak': undefined identifier
main.c(139): error C141: syntax error near ':'
main.c(140): error C141: syntax error near 'brak'
main.c(140): error C202: 'brak': undefined identifier
main.c(141): error C141: syntax error near ':'
main.c(142): error C141: syntax error near 'brak'
main.c(142): error C202: 'brak': undefined identifier
main.c(146): error C141: syntax error near '}'
main.c - 28 Error(s), 1 Warning(s).
compiling main.c...
config.h(18): error C231: 'u8': redefinition
config.h(19): error C231: 'u16': redefinition
config.h(20): error C141: syntax error near 'u32'
pwm.h(64): error C231: 'P25': redefinition
pwm.h(65): error C231: 'P26': redefinition
pwm.h(66): error C231: 'P27': redefinition
main.c(127): error C141: syntax error near ':'
main.c(128): error C141: syntax error near 'L1'
main.c(129): error C202: 'brak': undefined identifier
main.c(130): error C141: syntax error near ':'
main.c(132): error C141: syntax error near 'brak'
main.c(132): error C202: 'brak': undefined identifier
main.c(133): error C141: syntax error near ':'
main.c(134): error C141: syntax error near 'brak'
main.c(134): error C202: 'brak': undefined identifier
main.c(135): error C141: syntax error near ':'
main.c(136): error C141: syntax error near 'brak'
main.c(136): error C202: 'brak': undefined identifier
main.c(137): error C141: syntax error near ':'
main.c(138): error C141: syntax error near 'brak'
main.c(138): error C202: 'brak': undefined identifier
main.c(139): error C141: syntax error near ':'
main.c(140): error C141: syntax error near 'brak'
main.c(140): error C202: 'brak': undefined identifier
main.c(141): error C141: syntax error near ':'
main.c(142): error C141: syntax error near 'brak'
main.c(142): error C202: 'brak': undefined identifier
main.c(146): error C141: syntax error near '}'
main.c - 28 Error(s), 0 Warning(s).
compiling main.c...
pwm.h(64): error C231: 'P25': redefinition
pwm.h(65): error C231: 'P26': redefinition
pwm.h(66): error C231: 'P27': redefinition
main.c(127): error C141: syntax error near ':'
main.c(128): error C141: syntax error near 'L1'
main.c(129): error C202: 'brak': undefined identifier
main.c(130): error C141: syntax error near ':'
main.c(132): error C141: syntax error near 'brak'
main.c(132): error C202: 'brak': undefined identifier
main.c(133): error C141: syntax error near ':'
main.c(134): error C141: syntax error near 'brak'
main.c(134): error C202: 'brak': undefined identifier
main.c(135): error C141: syntax error near ':'
main.c(136): error C141: syntax error near 'brak'
main.c(136): error C202: 'brak': undefined identifier
main.c(137): error C141: syntax error near ':'
main.c(138): error C141: syntax error near 'brak'
main.c(138): error C202: 'brak': undefined identifier
main.c(139): error C141: syntax error near ':'
main.c(140): error C141: syntax error near 'brak'
main.c(140): error C202: 'brak': undefined identifier
main.c(141): error C141: syntax error near ':'
main.c(142): error C141: syntax error near 'brak'
main.c(142): error C202: 'brak': undefined identifier
main.c(146): error C141: syntax error near '}'
main.c - 25 Error(s), 0 Warning(s).
compiling main.c...
pwm.h(64): error C231: 'P25': redefinition
pwm.h(65): error C231: 'P26': redefinition
pwm.h(66): error C231: 'P27': redefinition
main.c(127): error C141: syntax error near ':'
main.c(128): error C141: syntax error near 'L1'
main.c(129): error C202: 'brak': undefined identifier
main.c(130): error C141: syntax error near ':'
main.c(132): error C141: syntax error near 'brak'
main.c(132): error C202: 'brak': undefined identifier
main.c(133): error C141: syntax error near ':'
main.c(134): error C141: syntax error near 'brak'
main.c(134): error C202: 'brak': undefined identifier
main.c(135): error C141: syntax error near ':'
main.c(136): error C141: syntax error near 'brak'
main.c(136): error C202: 'brak': undefined identifier
main.c(137): error C141: syntax error near ':'
main.c(138): error C141: syntax error near 'brak'
main.c(138): error C202: 'brak': undefined identifier
main.c(139): error C141: syntax error near ':'
main.c(140): error C141: syntax error near 'brak'
main.c(140): error C202: 'brak': undefined identifier
main.c(141): error C141: syntax error near ':'
main.c(142): error C141: syntax error near 'brak'
main.c(142): error C202: 'brak': undefined identifier
main.c(146): error C141: syntax error near '}'
main.c - 25 Error(s), 0 Warning(s).
compiling pwm.c...
pwm.c - 0 Error(s), 0 Warning(s).
compiling main.c...
main.c(127): error C141: syntax error near ':'
main.c(128): error C141: syntax error near 'L1'
main.c(129): error C202: 'brak': undefined identifier
main.c(130): error C141: syntax error near ':'
main.c(132): error C141: syntax error near 'brak'
main.c(132): error C202: 'brak': undefined identifier
main.c(133): error C141: syntax error near ':'
main.c(134): error C141: syntax error near 'brak'
main.c(134): error C202: 'brak': undefined identifier
main.c(135): error C141: syntax error near ':'
main.c(136): error C141: syntax error near 'brak'
main.c(136): error C202: 'brak': undefined identifier
main.c(137): error C141: syntax error near ':'
main.c(138): error C141: syntax error near 'brak'
main.c(138): error C202: 'brak': undefined identifier
main.c(139): error C141: syntax error near ':'
main.c(140): error C141: syntax error near 'brak'
main.c(140): error C202: 'brak': undefined identifier
main.c(141): error C141: syntax error near ':'
main.c(142): error C141: syntax error near 'brak'
main.c(142): error C202: 'brak': undefined identifier
main.c(146): error C141: syntax error near '}'
main.c - 22 Error(s), 0 Warning(s).
compiling main.c...
main.c(129): error C202: 'brak': undefined identifier
main.c(132): error C202: 'brak': undefined identifier
main.c(134): error C202: 'brak': undefined identifier
main.c(136): error C202: 'brak': undefined identifier
main.c(138): error C202: 'brak': undefined identifier
main.c(140): error C202: 'brak': undefined identifier
main.c(142): error C202: 'brak': undefined identifier
main.c(146): error C141: syntax error near '}'
main.c - 8 Error(s), 0 Warning(s).
compiling main.c...
main.c(146): error C141: syntax error near '}'
main.c - 1 Error(s), 0 Warning(s).
compiling main.c...
main.c - 0 Error(s), 0 Warning(s).
compiling timer.c...
timer.c - 0 Error(s), 0 Warning(s).
compiling timer.c...
timer.c - 0 Error(s), 0 Warning(s).
